javax.net.ssl.SSLException: java.lang.RuntimeException: Unexpected error: java.security.InvalidAlgorithmParameterException: the trustAnchors parameter must be non-empty
        at sun.security.ssl.Alerts.getSSLException(Alerts.java:208)
        at sun.security.ssl.SSLSocketImpl.fatal(SSLSocketImpl.java:1949)
        at sun.security.ssl.SSLSocketImpl.fatal(SSLSocketImpl.java:1906)
        at sun.security.ssl.SSLSocketImpl.handleException(SSLSocketImpl.java:1889)
        at sun.security.ssl.SSLSocketImpl.startHandshake(SSLSocketImpl.java:1410)
        at sun.security.ssl.SSLSocketImpl.startHandshake(SSLSocketImpl.java:1387)
        at org.apache.http.conn.ssl.SSLConnectionSocketFactory.createLayeredSocket(SSLConnectionSocketFactory.java:396)
        at org.apache.http.conn.ssl.SSLConnectionSocketFactory.connectSocket(SSLConnectionSocketFactory.java:355)
        at org.apache.http.impl.conn.DefaultHttpClientConnectionOperator.connect(DefaultHttpClientConnectionOperator.java:142)
        at org.apache.http.impl.conn.PoolingHttpClientConnectionManager.connect(PoolingHttpClientConnectionManager.java:373)
        at org.apache.http.impl.execchain.MainClientExec.establishRoute(MainClientExec.java:394)
        at org.apache.http.impl.execchain.MainClientExec.execute(MainClientExec.java:237)
        at org.apache.http.impl.execchain.ProtocolExec.execute(ProtocolExec.java:185)
        at org.apache.http.impl.execchain.RetryExec.execute(RetryExec.java:89)
        at org.apache.http.impl.execchain.RedirectExec.execute(RedirectExec.java:110)
        at org.apache.http.impl.client.InternalHttpClient.doExecute(InternalHttpClient.java:185)
        at org.apache.http.impl.client.CloseableHttpClient.execute(CloseableHttpClient.java:83)
        at org.apache.http.impl.client.CloseableHttpClient.execute(CloseableHttpClient.java:108)
        at org.apache.http.impl.client.CloseableHttpClient.execute(CloseableHttpClient.java:56)
        at * * * 
        at * * * 
        at sun.reflect.NativeMethodAccessorImpl.invoke0(Native Method)
        at sun.reflect.NativeMethodAccessorImpl.invoke(NativeMethodAccessorImpl.java:62)
        at sun.reflect.DelegatingMethodAccessorImpl.invoke(DelegatingMethodAccessorImpl.java:43)
        at java.lang.reflect.Method.invoke(Method.java:498)
        at org.eclipse.jdt.internal.jarinjarloader.JarRsrcLoader.main(JarRsrcLoader.java:58)
Caused by: java.lang.RuntimeException: Unexpected error: java.security.InvalidAlgorithmParameterException: the trustAnchors parameter must be non-empty
        at sun.security.validator.PKIXValidator.<init>(PKIXValidator.java:90)
        at sun.security.validator.Validator.getInstance(Validator.java:179)
        at sun.security.ssl.X509TrustManagerImpl.getValidator(X509TrustManagerImpl.java:312)
        at sun.security.ssl.X509TrustManagerImpl.checkTrustedInit(X509TrustManagerImpl.java:171)
        at sun.security.ssl.X509TrustManagerImpl.checkTrusted(X509TrustManagerImpl.java:184)
        at sun.security.ssl.X509TrustManagerImpl.checkServerTrusted(X509TrustManagerImpl.java:124)
        at sun.security.ssl.ClientHandshaker.serverCertificate(ClientHandshaker.java:1491)
        at sun.security.ssl.ClientHandshaker.processMessage(ClientHandshaker.java:216)
        at sun.security.ssl.Handshaker.processLoop(Handshaker.java:979)
        at sun.security.ssl.Handshaker.process_record(Handshaker.java:914)
        at sun.security.ssl.SSLSocketImpl.readRecord(SSLSocketImpl.java:1062)
        at sun.security.ssl.SSLSocketImpl.performInitialHandshake(SSLSocketImpl.java:1375)
        at sun.security.ssl.SSLSocketImpl.startHandshake(SSLSocketImpl.java:1403)
        ... 21 more
Caused by: java.security.InvalidAlgorithmParameterException: the trustAnchors parameter must be non-empty
        at java.security.cert.PKIXParameters.setTrustAnchors(PKIXParameters.java:200)
        at java.security.cert.PKIXParameters.<init>(PKIXParameters.java:120)
        at java.security.cert.PKIXBuilderParameters.<init>(PKIXBuilderParameters.java:104)
        at sun.security.validator.PKIXValidator.<init>(PKIXValidator.java:88)
        ... 33 more
javax.net.ssl.SSLException: java.lang.RuntimeException: Unexpected error: java.security.InvalidAlgorithmParameterException: the trustAnchors parameter must be non-empty
        at sun.security.ssl.Alerts.getSSLException(Alerts.java:208)
        at sun.security.ssl.SSLSocketImpl.fatal(SSLSocketImpl.java:1949)
        at sun.security.ssl.SSLSocketImpl.fatal(SSLSocketImpl.java:1906)
        at sun.security.ssl.SSLSocketImpl.handleException(SSLSocketImpl.java:1889)
        at sun.security.ssl.SSLSocketImpl.startHandshake(SSLSocketImpl.java:1410)
        at sun.security.ssl.SSLSocketImpl.startHandshake(SSLSocketImpl.java:1387)
        at org.apache.http.conn.ssl.SSLConnectionSocketFactory.createLayeredSocket(SSLConnectionSocketFactory.java:396)
        at org.apache.http.conn.ssl.SSLConnectionSocketFactory.connectSocket(SSLConnectionSocketFactory.java:355)
        at org.apache.http.impl.conn.DefaultHttpClientConnectionOperator.connect(DefaultHttpClientConnectionOperator.java:142)
        at org.apache.http.impl.conn.PoolingHttpClientConnectionManager.connect(PoolingHttpClientConnectionManager.java:373)
        at org.apache.http.impl.execchain.MainClientExec.establishRoute(MainClientExec.java:394)
        at org.apache.http.impl.execchain.MainClientExec.execute(MainClientExec.java:237)
        at org.apache.http.impl.execchain.ProtocolExec.execute(ProtocolExec.java:185)
        at org.apache.http.impl.execchain.RetryExec.execute(RetryExec.java:89)
        at org.apache.http.impl.execchain.RedirectExec.execute(RedirectExec.java:110)
        at org.apache.http.impl.client.InternalHttpClient.doExecute(InternalHttpClient.java:185)
        at org.apache.http.impl.client.CloseableHttpClient.execute(CloseableHttpClient.java:83)
        at org.apache.http.impl.client.CloseableHttpClient.execute(CloseableHttpClient.java:108)
        at org.apache.http.impl.client.CloseableHttpClient.execute(CloseableHttpClient.java:56)
        at * * * 
        at * * * 
        at sun.reflect.NativeMethodAccessorImpl.invoke0(Native Method)
        at sun.reflect.NativeMethodAccessorImpl.invoke(NativeMethodAccessorImpl.java:62)
        at sun.reflect.DelegatingMethodAccessorImpl.invoke(DelegatingMethodAccessorImpl.java:43)
        at java.lang.reflect.Method.invoke(Method.java:498)
        at org.eclipse.jdt.internal.jarinjarloader.JarRsrcLoader.main(JarRsrcLoader.java:58)
Caused by: java.lang.RuntimeException: Unexpected error: java.security.InvalidAlgorithmParameterException: the trustAnchors parameter must be non-empty
        at sun.security.validator.PKIXValidator.<init>(PKIXValidator.java:90)
        at sun.security.validator.Validator.getInstance(Validator.java:179)
        at sun.security.ssl.X509TrustManagerImpl.getValidator(X509TrustManagerImpl.java:312)
        at sun.security.ssl.X509TrustManagerImpl.checkTrustedInit(X509TrustManagerImpl.java:171)
        at sun.security.ssl.X509TrustManagerImpl.checkTrusted(X509TrustManagerImpl.java:184)
        at sun.security.ssl.X509TrustManagerImpl.checkServerTrusted(X509TrustManagerImpl.java:124)
        at sun.security.ssl.ClientHandshaker.serverCertificate(ClientHandshaker.java:1491)
        at sun.security.ssl.ClientHandshaker.processMessage(ClientHandshaker.java:216)
        at sun.security.ssl.Handshaker.processLoop(Handshaker.java:979)
        at sun.security.ssl.Handshaker.process_record(Handshaker.java:914)
        at sun.security.ssl.SSLSocketImpl.readRecord(SSLSocketImpl.java:1062)
        at sun.security.ssl.SSLSocketImpl.performInitialHandshake(SSLSocketImpl.java:1375)
        at sun.security.ssl.SSLSocketImpl.startHandshake(SSLSocketImpl.java:1403)
        ... 21 more
Caused by: java.security.InvalidAlgorithmParameterException: the trustAnchors parameter must be non-empty
        at java.security.cert.PKIXParameters.setTrustAnchors(PKIXParameters.java:200)
        at java.security.cert.PKIXParameters.<init>(PKIXParameters.java:120)
        at java.security.cert.PKIXBuilderParameters.<init>(PKIXBuilderParameters.java:104)
        at sun.security.validator.PKIXValidator.<init>(PKIXValidator.java:88)
