javax.net.ssl.SSLHandshakeException: java.security.cert.CertificateException: No X509TrustManager implementation available
        at sun.security.ssl.Alerts.getSSLException(Alerts.java:192)
        at sun.security.ssl.SSLSocketImpl.fatal(SSLSocketImpl.java:1949)
        at sun.security.ssl.Handshaker.fatalSE(Handshaker.java:302)
        at sun.security.ssl.Handshaker.fatalSE(Handshaker.java:296)
        at sun.security.ssl.ClientHandshaker.serverCertificate(ClientHandshaker.java:1509)
        at sun.security.ssl.ClientHandshaker.processMessage(ClientHandshaker.java:216)
        at sun.security.ssl.Handshaker.processLoop(Handshaker.java:979)
        at sun.security.ssl.Handshaker.process_record(Handshaker.java:914)
        at sun.security.ssl.SSLSocketImpl.readRecord(SSLSocketImpl.java:1062)
        at sun.security.ssl.SSLSocketImpl.performInitialHandshake(SSLSocketImpl.java:1375)
        at sun.security.ssl.SSLSocketImpl.startHandshake(SSLSocketImpl.java:1403)
        at sun.security.ssl.SSLSocketImpl.startHandshake(SSLSocketImpl.java:1387)
        at org.apache.http.conn.ssl.SSLConnectionSocketFactory.createLayeredSocket(SSLConnectionSocketFactory.java:396)
        at org.apache.http.conn.ssl.SSLConnectionSocketFactory.connectSocket(SSLConnectionSocketFactory.java:355)
        at org.apache.http.impl.conn.DefaultHttpClientConnectionOperator.connect(DefaultHttpClientConnectionOperator.java:142)
        at org.apache.http.impl.conn.PoolingHttpClientConnectionManager.connect(PoolingHttpClientConnectionManager.java:373)
        at org.apache.http.impl.execchain.MainClientExec.establishRoute(MainClientExec.java:394)
        at org.apache.http.impl.execchain.MainClientExec.execute(MainClientExec.java:237)
        at org.apache.http.impl.execchain.ProtocolExec.execute(ProtocolExec.java:185)
        at org.apache.http.impl.execchain.RetryExec.execute(RetryExec.java:89)
        at org.apache.http.impl.execchain.RedirectExec.execute(RedirectExec.java:110)
        at org.apache.http.impl.client.InternalHttpClient.doExecute(InternalHttpClient.java:185)
        at org.apache.http.impl.client.CloseableHttpClient.execute(CloseableHttpClient.java:83)
        at org.apache.http.impl.client.CloseableHttpClient.execute(CloseableHttpClient.java:108)
        at org.apache.http.impl.client.CloseableHttpClient.execute(CloseableHttpClient.java:56)
        at * * *
        at * * *
        at sun.reflect.NativeMethodAccessorImpl.invoke0(Native Method)
        at sun.reflect.NativeMethodAccessorImpl.invoke(NativeMethodAccessorImpl.java:62)
        at sun.reflect.DelegatingMethodAccessorImpl.invoke(DelegatingMethodAccessorImpl.java:43)
        at java.lang.reflect.Method.invoke(Method.java:498)
        at org.eclipse.jdt.internal.jarinjarloader.JarRsrcLoader.main(JarRsrcLoader.java:58)
Caused by: java.security.cert.CertificateException: No X509TrustManager implementation available
        at sun.security.ssl.DummyX509TrustManager.checkServerTrusted(SSLContextImpl.java:1119)
        at sun.security.ssl.ClientHandshaker.serverCertificate(ClientHandshaker.java:1491)
        ... 27 more
javax.net.ssl.SSLHandshakeException: java.security.cert.CertificateException: No X509TrustManager implementation available
        at sun.security.ssl.Alerts.getSSLException(Alerts.java:192)
        at sun.security.ssl.SSLSocketImpl.fatal(SSLSocketImpl.java:1949)
        at sun.security.ssl.Handshaker.fatalSE(Handshaker.java:302)
        at sun.security.ssl.Handshaker.fatalSE(Handshaker.java:296)
        at sun.security.ssl.ClientHandshaker.serverCertificate(ClientHandshaker.java:1509)
        at sun.security.ssl.ClientHandshaker.processMessage(ClientHandshaker.java:216)
        at sun.security.ssl.Handshaker.processLoop(Handshaker.java:979)
        at sun.security.ssl.Handshaker.process_record(Handshaker.java:914)
        at sun.security.ssl.SSLSocketImpl.readRecord(SSLSocketImpl.java:1062)
        at sun.security.ssl.SSLSocketImpl.performInitialHandshake(SSLSocketImpl.java:1375)
        at sun.security.ssl.SSLSocketImpl.startHandshake(SSLSocketImpl.java:1403)
        at sun.security.ssl.SSLSocketImpl.startHandshake(SSLSocketImpl.java:1387)
        at org.apache.http.conn.ssl.SSLConnectionSocketFactory.createLayeredSocket(SSLConnectionSocketFactory.java:396)
        at org.apache.http.conn.ssl.SSLConnectionSocketFactory.connectSocket(SSLConnectionSocketFactory.java:355)
        at org.apache.http.impl.conn.DefaultHttpClientConnectionOperator.connect(DefaultHttpClientConnectionOperator.java:142)
        at org.apache.http.impl.conn.PoolingHttpClientConnectionManager.connect(PoolingHttpClientConnectionManager.java:373)
        at org.apache.http.impl.execchain.MainClientExec.establishRoute(MainClientExec.java:394)
        at org.apache.http.impl.execchain.MainClientExec.execute(MainClientExec.java:237)
        at org.apache.http.impl.execchain.ProtocolExec.execute(ProtocolExec.java:185)
        at org.apache.http.impl.execchain.RetryExec.execute(RetryExec.java:89)
        at org.apache.http.impl.execchain.RedirectExec.execute(RedirectExec.java:110)
        at org.apache.http.impl.client.InternalHttpClient.doExecute(InternalHttpClient.java:185)
        at org.apache.http.impl.client.CloseableHttpClient.execute(CloseableHttpClient.java:83)
        at org.apache.http.impl.client.CloseableHttpClient.execute(CloseableHttpClient.java:108)
        at org.apache.http.impl.client.CloseableHttpClient.execute(CloseableHttpClient.java:56)
        at * * *
        at * * *
        at sun.reflect.NativeMethodAccessorImpl.invoke0(Native Method)
        at sun.reflect.NativeMethodAccessorImpl.invoke(NativeMethodAccessorImpl.java:62)
        at sun.reflect.DelegatingMethodAccessorImpl.invoke(DelegatingMethodAccessorImpl.java:43)
        at java.lang.reflect.Method.invoke(Method.java:498)
        at org.eclipse.jdt.internal.jarinjarloader.JarRsrcLoader.main(JarRsrcLoader.java:58)
Caused by: java.security.cert.CertificateException: No X509TrustManager implementation available
        at sun.security.ssl.DummyX509TrustManager.checkServerTrusted(SSLContextImpl.java:1119)
        at sun.security.ssl.ClientHandshaker.serverCertificate(ClientHandshaker.java:1491)
        ... 27 more
