org.springframework.web.client.ResourceAccessException: I/O error on GET request for "[YOUR_SERVICE_URL]": sun.security.validator.ValidatorException: PKIX path building failed: sun.security.provider.certpath.SunCertPathBuilderException: unable to find valid certification path to requested target; nested exception is javax.net.ssl.SSLHandshakeException: sun.security.validator.ValidatorException: PKIX path building failed: sun.security.provider.certpath.SunCertPathBuilderException: unable to find valid certification path to requested target
        at org.springframework.web.client.RestTemplate.doExecute(RestTemplate.java:743)
        at org.springframework.web.client.RestTemplate.execute(RestTemplate.java:669)
        at org.springframework.web.client.RestTemplate.getForEntity(RestTemplate.java:337)
        at * * *
        at * * *
        at * * *
        at sun.reflect.NativeMethodAccessorImpl.invoke0(Native Method)
        at sun.reflect.NativeMethodAccessorImpl.invoke(NativeMethodAccessorImpl.java:62)
        at sun.reflect.DelegatingMethodAccessorImpl.invoke(DelegatingMethodAccessorImpl.java:43)
        at java.lang.reflect.Method.invoke(Method.java:498)
        at org.springframework.web.method.support.InvocableHandlerMethod.doInvoke(InvocableHandlerMethod.java:189)
        at org.springframework.web.method.support.InvocableHandlerMethod.invokeForRequest(InvocableHandlerMethod.java:138)
        at org.springframework.web.servlet.mvc.method.annotation.ServletInvocableHandlerMethod.invokeAndHandle(ServletInvocableHandlerMethod.java:102)
        at org.springframework.web.servlet.mvc.method.annotation.RequestMappingHandlerAdapter.invokeHandlerMethod(RequestMappingHandlerAdapter.java:895)
        at org.springframework.web.servlet.mvc.method.annotation.RequestMappingHandlerAdapter.handleInternal(RequestMappingHandlerAdapter.java:800)
        at org.springframework.web.servlet.mvc.method.AbstractHandlerMethodAdapter.handle(AbstractHandlerMethodAdapter.java:87)
        at org.springframework.web.servlet.DispatcherServlet.doDispatch(DispatcherServlet.java:1038)
        at org.springframework.web.servlet.DispatcherServlet.doService(DispatcherServlet.java:942)
        at org.springframework.web.servlet.FrameworkServlet.processRequest(FrameworkServlet.java:1005)
        at org.springframework.web.servlet.FrameworkServlet.doPost(FrameworkServlet.java:908)
        at javax.servlet.http.HttpServlet.service(HttpServlet.java:706)
        at org.springframework.web.servlet.FrameworkServlet.service(FrameworkServlet.java:882)
        at javax.servlet.http.HttpServlet.service(HttpServlet.java:791)
        at io.undertow.servlet.handlers.ServletHandler.handleRequest(ServletHandler.java:74)
        at io.undertow.servlet.handlers.FilterHandler$FilterChainImpl.doFilter(FilterHandler.java:129)
        at io.opentracing.contrib.jaxrs2.server.SpanFinishingFilter.doFilter(SpanFinishingFilter.java:55)
        at io.undertow.servlet.core.ManagedFilter.doFilter(ManagedFilter.java:61)
        at io.undertow.servlet.handlers.FilterHandler$FilterChainImpl.doFilter(FilterHandler.java:131)
        at io.undertow.servlet.handlers.FilterHandler.handleRequest(FilterHandler.java:84)
        at io.undertow.servlet.handlers.security.ServletSecurityRoleHandler.handleRequest(ServletSecurityRoleHandler.java:62)
        at io.undertow.servlet.handlers.ServletChain$1.handleRequest(ServletChain.java:68)
        at io.undertow.servlet.handlers.ServletDispatchingHandler.handleRequest(ServletDispatchingHandler.java:36)
        at org.wildfly.extension.undertow.security.SecurityContextAssociationHandler.handleRequest(SecurityContextAssociationHandler.java:78)
        at io.undertow.server.handlers.PredicateHandler.handleRequest(PredicateHandler.java:43)
        at io.undertow.servlet.handlers.security.SSLInformationAssociationHandler.handleRequest(SSLInformationAssociationHandler.java:132)
        at io.undertow.servlet.handlers.security.ServletAuthenticationCallHandler.handleRequest(ServletAuthenticationCallHandler.java:57)
        at io.undertow.server.handlers.PredicateHandler.handleRequest(PredicateHandler.java:43)
        at io.undertow.security.handlers.AbstractConfidentialityHandler.handleRequest(AbstractConfidentialityHandler.java:46)
        at io.undertow.servlet.handlers.security.ServletConfidentialityConstraintHandler.handleRequest(ServletConfidentialityConstraintHandler.java:64)
        at io.undertow.security.handlers.AuthenticationMechanismsHandler.handleRequest(AuthenticationMechanismsHandler.java:60)
        at io.undertow.servlet.handlers.security.CachedAuthenticatedSessionHandler.handleRequest(CachedAuthenticatedSessionHandler.java:77)
        at io.undertow.security.handlers.NotificationReceiverHandler.handleRequest(NotificationReceiverHandler.java:50)
        at io.undertow.security.handlers.AbstractSecurityContextAssociationHandler.handleRequest(AbstractSecurityContextAssociationHandler.java:43)
        at io.undertow.server.handlers.PredicateHandler.handleRequest(PredicateHandler.java:43)
        at org.wildfly.extension.undertow.security.jacc.JACCContextIdHandler.handleRequest(JACCContextIdHandler.java:61)
        at io.undertow.server.handlers.PredicateHandler.handleRequest(PredicateHandler.java:43)
        at org.wildfly.extension.undertow.deployment.GlobalRequestControllerHandler.handleRequest(GlobalRequestControllerHandler.java:68)
        at io.undertow.server.handlers.PredicateHandler.handleRequest(PredicateHandler.java:43)
        at io.undertow.server.handlers.MetricsHandler.handleRequest(MetricsHandler.java:64)
        at io.undertow.servlet.core.MetricsChainHandler.handleRequest(MetricsChainHandler.java:59)
        at io.undertow.servlet.handlers.ServletInitialHandler.handleFirstRequest(ServletInitialHandler.java:292)
        at io.undertow.servlet.handlers.ServletInitialHandler.access$100(ServletInitialHandler.java:81)
        at io.undertow.servlet.handlers.ServletInitialHandler$2.call(ServletInitialHandler.java:138)
        at io.undertow.servlet.handlers.ServletInitialHandler$2.call(ServletInitialHandler.java:135)
        at io.undertow.servlet.core.ServletRequestContextThreadSetupAction$1.call(ServletRequestContextThreadSetupAction.java:48)
        at io.undertow.servlet.core.ContextClassLoaderSetupAction$1.call(ContextClassLoaderSetupAction.java:43)
        at org.wildfly.extension.undertow.security.SecurityContextThreadSetupAction.lambda$create$0(SecurityContextThreadSetupAction.java:105)
        at org.wildfly.extension.undertow.deployment.UndertowDeploymentInfoService$UndertowThreadSetupAction.lambda$create$0(UndertowDeploymentInfoService.java:1502)
        at org.wildfly.extension.undertow.deployment.UndertowDeploymentInfoService$UndertowThreadSetupAction.lambda$create$0(UndertowDeploymentInfoService.java:1502)
        at org.wildfly.extension.undertow.deployment.UndertowDeploymentInfoService$UndertowThreadSetupAction.lambda$create$0(UndertowDeploymentInfoService.java:1502)
        at org.wildfly.extension.undertow.deployment.UndertowDeploymentInfoService$UndertowThreadSetupAction.lambda$create$0(UndertowDeploymentInfoService.java:1502)
        at io.undertow.servlet.handlers.ServletInitialHandler.dispatchRequest(ServletInitialHandler.java:272)
        at io.undertow.servlet.handlers.ServletInitialHandler.access$000(ServletInitialHandler.java:81)
        at io.undertow.servlet.handlers.ServletInitialHandler$1.handleRequest(ServletInitialHandler.java:104)
        at io.undertow.server.Connectors.executeRootHandler(Connectors.java:360)
        at io.undertow.server.HttpServerExchange$1.run(HttpServerExchange.java:830)
        at org.jboss.threads.ContextClassLoaderSavingRunnable.run(ContextClassLoaderSavingRunnable.java:35)
        at org.jboss.threads.EnhancedQueueExecutor.safeRun(EnhancedQueueExecutor.java:1985)
        at org.jboss.threads.EnhancedQueueExecutor$ThreadBody.doRunTask(EnhancedQueueExecutor.java:1487)
        at org.jboss.threads.EnhancedQueueExecutor$ThreadBody.run(EnhancedQueueExecutor.java:1378)
        at java.lang.Thread.run(Thread.java:748)
Caused by: javax.net.ssl.SSLHandshakeException: sun.security.validator.ValidatorException: PKIX path building failed: sun.security.provider.certpath.SunCertPathBuilderException: unable to find valid certification path to requested target
        at sun.security.ssl.Alerts.getSSLException(Alerts.java:192)
        at sun.security.ssl.SSLSocketImpl.fatal(SSLSocketImpl.java:1946)
        at sun.security.ssl.Handshaker.fatalSE(Handshaker.java:316)
        at sun.security.ssl.Handshaker.fatalSE(Handshaker.java:310)
        at sun.security.ssl.ClientHandshaker.serverCertificate(ClientHandshaker.java:1639)
        at sun.security.ssl.ClientHandshaker.processMessage(ClientHandshaker.java:223)
        at sun.security.ssl.Handshaker.processLoop(Handshaker.java:1037)
        at sun.security.ssl.Handshaker.process_record(Handshaker.java:965)
        at sun.security.ssl.SSLSocketImpl.readRecord(SSLSocketImpl.java:1064)
        at sun.security.ssl.SSLSocketImpl.performInitialHandshake(SSLSocketImpl.java:1367)
        at sun.security.ssl.SSLSocketImpl.startHandshake(SSLSocketImpl.java:1395)
        at sun.security.ssl.SSLSocketImpl.startHandshake(SSLSocketImpl.java:1379)
        at org.apache.http.conn.ssl.SSLConnectionSocketFactory.createLayeredSocket(SSLConnectionSocketFactory.java:394)
        at org.apache.http.conn.ssl.SSLConnectionSocketFactory.connectSocket(SSLConnectionSocketFactory.java:353)
        at org.apache.http.impl.conn.DefaultHttpClientConnectionOperator.connect(DefaultHttpClientConnectionOperator.java:141)
        at org.apache.http.impl.conn.PoolingHttpClientConnectionManager.connect(PoolingHttpClientConnectionManager.java:353)
        at org.apache.http.impl.execchain.MainClientExec.establishRoute(MainClientExec.java:380)
        at org.apache.http.impl.execchain.MainClientExec.execute(MainClientExec.java:236)
        at org.apache.http.impl.execchain.ProtocolExec.execute(ProtocolExec.java:184)
        at org.apache.http.impl.execchain.RetryExec.execute(RetryExec.java:88)
        at org.apache.http.impl.execchain.RedirectExec.execute(RedirectExec.java:110)
        at org.apache.http.impl.client.InternalHttpClient.doExecute(InternalHttpClient.java:184)
        at org.apache.http.impl.client.CloseableHttpClient.execute(CloseableHttpClient.java:82)
        at org.apache.http.impl.client.CloseableHttpClient.execute(CloseableHttpClient.java:55)
        at org.springframework.http.client.HttpComponentsClientHttpRequest.executeInternal(HttpComponentsClientHttpRequest.java:87)
        at org.springframework.http.client.AbstractBufferingClientHttpRequest.executeInternal(AbstractBufferingClientHttpRequest.java:48)
        at org.springframework.http.client.AbstractClientHttpRequest.execute(AbstractClientHttpRequest.java:53)
        at org.springframework.web.client.RestTemplate.doExecute(RestTemplate.java:734)
        ... 70 common frames omitted
Caused by: sun.security.validator.ValidatorException: PKIX path building failed: sun.security.provider.certpath.SunCertPathBuilderException: unable to find valid certification path to requested target
        at sun.security.validator.PKIXValidator.doBuild(PKIXValidator.java:397)
        at sun.security.validator.PKIXValidator.engineValidate(PKIXValidator.java:302)
        at sun.security.validator.Validator.validate(Validator.java:262)
        at sun.security.ssl.X509TrustManagerImpl.validate(X509TrustManagerImpl.java:324)
        at sun.security.ssl.X509TrustManagerImpl.checkTrusted(X509TrustManagerImpl.java:229)
        at sun.security.ssl.X509TrustManagerImpl.checkServerTrusted(X509TrustManagerImpl.java:124)
        at sun.security.ssl.ClientHandshaker.serverCertificate(ClientHandshaker.java:1621)
        ... 93 common frames omitted
Caused by: sun.security.provider.certpath.SunCertPathBuilderException: unable to find valid certification path to requested target
        at sun.security.provider.certpath.SunCertPathBuilder.build(SunCertPathBuilder.java:141)
        at sun.security.provider.certpath.SunCertPathBuilder.engineBuild(SunCertPathBuilder.java:126)
        at java.security.cert.CertPathBuilder.build(CertPathBuilder.java:280)
        at sun.security.validator.PKIXValidator.doBuild(PKIXValidator.java:392)
        ... 99 common frames omitted