javax.net.ssl.SSLHandshakeException: sun.security.validator.ValidatorException: PKIX path building failed: sun.security.provider.certpath.SunCertPathBuilderException: unable to find valid certification path to requested target
        at sun.security.ssl.Alerts.getSSLException(Alerts.java:192)
        at sun.security.ssl.SSLSocketImpl.fatal(SSLSocketImpl.java:1959)
        at sun.security.ssl.Handshaker.fatalSE(Handshaker.java:302)
        at sun.security.ssl.Handshaker.fatalSE(Handshaker.java:296)
        at sun.security.ssl.ClientHandshaker.serverCertificate(ClientHandshaker.java:1514)
        at sun.security.ssl.ClientHandshaker.processMessage(ClientHandshaker.java:216)
        at sun.security.ssl.Handshaker.processLoop(Handshaker.java:1026)
        at sun.security.ssl.Handshaker.process_record(Handshaker.java:961)
        at sun.security.ssl.SSLSocketImpl.readRecord(SSLSocketImpl.java:1072)
        at sun.security.ssl.SSLSocketImpl.performInitialHandshake(SSLSocketImpl.java:1385)
        at sun.security.ssl.SSLSocketImpl.startHandshake(SSLSocketImpl.java:1413)
        at sun.security.ssl.SSLSocketImpl.startHandshake(SSLSocketImpl.java:1397)
        at org.apache.http.conn.ssl.SSLConnectionSocketFactory.createLayeredSocket(SSLConnectionSocketFactory.java:396)
        at org.apache.http.conn.ssl.SSLConnectionSocketFactory.connectSocket(SSLConnectionSocketFactory.java:355)
        at org.apache.http.impl.conn.DefaultHttpClientConnectionOperator.connect(DefaultHttpClientConnectionOperator.java:142)
        at org.apache.http.impl.conn.PoolingHttpClientConnectionManager.connect(PoolingHttpClientConnectionManager.java:373)
        at org.apache.http.impl.execchain.MainClientExec.establishRoute(MainClientExec.java:394)
        at org.apache.http.impl.execchain.MainClientExec.execute(MainClientExec.java:237)
        at org.apache.http.impl.execchain.ProtocolExec.execute(ProtocolExec.java:185)
        at org.apache.http.impl.execchain.RetryExec.execute(RetryExec.java:89)
        at org.apache.http.impl.execchain.RedirectExec.execute(RedirectExec.java:110)
        at org.apache.http.impl.client.InternalHttpClient.doExecute(InternalHttpClient.java:185)
        at org.apache.http.impl.client.CloseableHttpClient.execute(CloseableHttpClient.java:83)
        at org.apache.http.impl.client.CloseableHttpClient.execute(CloseableHttpClient.java:108)
        at org.apache.http.impl.client.CloseableHttpClient.execute(CloseableHttpClient.java:56)
        at * * *
        at * * *
        at sun.reflect.NativeMethodAccessorImpl.invoke0(Native Method)
        at sun.reflect.NativeMethodAccessorImpl.invoke(NativeMethodAccessorImpl.java:62)
        at sun.reflect.DelegatingMethodAccessorImpl.invoke(DelegatingMethodAccessorImpl.java:43)
        at java.lang.reflect.Method.invoke(Method.java:498)
        at org.eclipse.jdt.internal.jarinjarloader.JarRsrcLoader.main(JarRsrcLoader.java:58)
Caused by: sun.security.validator.ValidatorException: PKIX path building failed: sun.security.provider.certpath.SunCertPathBuilderException: unable to find valid certification path to requested target
        at sun.security.validator.PKIXValidator.doBuild(PKIXValidator.java:397)
        at sun.security.validator.PKIXValidator.engineValidate(PKIXValidator.java:302)
        at sun.security.validator.Validator.validate(Validator.java:260)
        at sun.security.ssl.X509TrustManagerImpl.validate(X509TrustManagerImpl.java:324)
        at sun.security.ssl.X509TrustManagerImpl.checkTrusted(X509TrustManagerImpl.java:229)
        at sun.security.ssl.X509TrustManagerImpl.checkServerTrusted(X509TrustManagerImpl.java:124)
        at sun.security.ssl.ClientHandshaker.serverCertificate(ClientHandshaker.java:1496)
        ... 27 more
Caused by: sun.security.provider.certpath.SunCertPathBuilderException: unable to find valid certification path to requested target
        at sun.security.provider.certpath.SunCertPathBuilder.build(SunCertPathBuilder.java:141)
        at sun.security.provider.certpath.SunCertPathBuilder.engineBuild(SunCertPathBuilder.java:126)
        at java.security.cert.CertPathBuilder.build(CertPathBuilder.java:280)
        at sun.security.validator.PKIXValidator.doBuild(PKIXValidator.java:392)
        ... 33 more
javax.net.ssl.SSLHandshakeException: sun.security.validator.ValidatorException: PKIX path building failed: sun.security.provider.certpath.SunCertPathBuilderException: unable to find valid certification path to requested target
        at sun.security.ssl.Alerts.getSSLException(Alerts.java:192)
        at sun.security.ssl.SSLSocketImpl.fatal(SSLSocketImpl.java:1959)
        at sun.security.ssl.Handshaker.fatalSE(Handshaker.java:302)
        at sun.security.ssl.Handshaker.fatalSE(Handshaker.java:296)
        at sun.security.ssl.ClientHandshaker.serverCertificate(ClientHandshaker.java:1514)
        at sun.security.ssl.ClientHandshaker.processMessage(ClientHandshaker.java:216)
        at sun.security.ssl.Handshaker.processLoop(Handshaker.java:1026)
        at sun.security.ssl.Handshaker.process_record(Handshaker.java:961)
        at sun.security.ssl.SSLSocketImpl.readRecord(SSLSocketImpl.java:1072)
        at sun.security.ssl.SSLSocketImpl.performInitialHandshake(SSLSocketImpl.java:1385)
        at sun.security.ssl.SSLSocketImpl.startHandshake(SSLSocketImpl.java:1413)
        at sun.security.ssl.SSLSocketImpl.startHandshake(SSLSocketImpl.java:1397)
        at org.apache.http.conn.ssl.SSLConnectionSocketFactory.createLayeredSocket(SSLConnectionSocketFactory.java:396)
        at org.apache.http.conn.ssl.SSLConnectionSocketFactory.connectSocket(SSLConnectionSocketFactory.java:355)
        at org.apache.http.impl.conn.DefaultHttpClientConnectionOperator.connect(DefaultHttpClientConnectionOperator.java:142)
        at org.apache.http.impl.conn.PoolingHttpClientConnectionManager.connect(PoolingHttpClientConnectionManager.java:373)
        at org.apache.http.impl.execchain.MainClientExec.establishRoute(MainClientExec.java:394)
        at org.apache.http.impl.execchain.MainClientExec.execute(MainClientExec.java:237)
        at org.apache.http.impl.execchain.ProtocolExec.execute(ProtocolExec.java:185)
        at org.apache.http.impl.execchain.RetryExec.execute(RetryExec.java:89)
        at org.apache.http.impl.execchain.RedirectExec.execute(RedirectExec.java:110)
        at org.apache.http.impl.client.InternalHttpClient.doExecute(InternalHttpClient.java:185)
        at org.apache.http.impl.client.CloseableHttpClient.execute(CloseableHttpClient.java:83)
        at org.apache.http.impl.client.CloseableHttpClient.execute(CloseableHttpClient.java:108)
        at org.apache.http.impl.client.CloseableHttpClient.execute(CloseableHttpClient.java:56)
        at * * *
        at * * *
        at sun.reflect.NativeMethodAccessorImpl.invoke0(Native Method)
        at sun.reflect.NativeMethodAccessorImpl.invoke(NativeMethodAccessorImpl.java:62)
        at sun.reflect.DelegatingMethodAccessorImpl.invoke(DelegatingMethodAccessorImpl.java:43)
        at java.lang.reflect.Method.invoke(Method.java:498)
        at org.eclipse.jdt.internal.jarinjarloader.JarRsrcLoader.main(JarRsrcLoader.java:58)
Caused by: sun.security.validator.ValidatorException: PKIX path building failed: sun.security.provider.certpath.SunCertPathBuilderException: unable to find valid certification path to requested target
        at sun.security.validator.PKIXValidator.doBuild(PKIXValidator.java:397)
        at sun.security.validator.PKIXValidator.engineValidate(PKIXValidator.java:302)
        at sun.security.validator.Validator.validate(Validator.java:260)
        at sun.security.ssl.X509TrustManagerImpl.validate(X509TrustManagerImpl.java:324)
        at sun.security.ssl.X509TrustManagerImpl.checkTrusted(X509TrustManagerImpl.java:229)
        at sun.security.ssl.X509TrustManagerImpl.checkServerTrusted(X509TrustManagerImpl.java:124)
        at sun.security.ssl.ClientHandshaker.serverCertificate(ClientHandshaker.java:1496)
        ... 27 more
Caused by: sun.security.provider.certpath.SunCertPathBuilderException: unable to find valid certification path to requested target
        at sun.security.provider.certpath.SunCertPathBuilder.build(SunCertPathBuilder.java:141)
        at sun.security.provider.certpath.SunCertPathBuilder.engineBuild(SunCertPathBuilder.java:126)
        at java.security.cert.CertPathBuilder.build(CertPathBuilder.java:280)
        at sun.security.validator.PKIXValidator.doBuild(PKIXValidator.java:392)
        ... 33 more
